<?xml version="1.0" encoding="UTF-8"?>
<!-- Generated by org.testng.reporters.JUnitReportReporter -->
<testsuite skipped="0" hostname="Nav-l186" name="Regression.Testcase" tests="2" failures="0" timestamp="25 Jul 2019 13:00:58 GMT" time="6.596" errors="0">
  <testcase name="loginpage" time="6.587" classname="Regression.Testcase"/>
  <testcase name="PageTitle" time="0.009" classname="Regression.Testcase"/>
</testsuite> <!-- Regression.Testcase -->
